d:\opengl _final\build\glfw\wgl_context.obj
d:\opengl _final\build\glfw\monitor.obj
d:\opengl _final\build\glfw\win32_window.obj
d:\opengl _final\build\glfw\win32_joystick.obj
d:\opengl _final\build\glfw\win32_monitor.obj
d:\opengl _final\build\glfw\init.obj
d:\opengl _final\build\glfw\win32_thread.obj
d:\opengl _final\build\glfw\input.obj
d:\opengl _final\build\glfw\win32_init.obj
d:\opengl _final\build\glfw\egl_context.obj
d:\opengl _final\build\glfw\vulkan.obj
d:\opengl _final\build\glfw\win32_time.obj
d:\opengl _final\build\glfw\osmesa_context.obj
d:\opengl _final\build\glfw\context.obj
d:\opengl _final\build\glfw\window.obj
d:\opengl _final\build\glfw\vc142.pdb
d:\opengl _final\lib\glfw3dll.lib
d:\opengl _final\lib\glfw3dll.exp
d:\opengl _final\build\glfw\glfw3.ilk
d:\opengl _final\bin\glfw3.dll
d:\opengl _final\bin\glfw3.pdb
d:\opengl _final\build\glfw\vc142.idb
d:\opengl _final\vs2019\..\bin\glfw3.pdb
d:\opengl _final\build\glfw\glfw.tlog\cl.10176.write.1.tlog
d:\opengl _final\build\glfw\glfw.tlog\cl.command.1.tlog
d:\opengl _final\build\glfw\glfw.tlog\cl.read.1.tlog
d:\opengl _final\build\glfw\glfw.tlog\glfw.write.1u.tlog
d:\opengl _final\build\glfw\glfw.tlog\link.command.1.tlog
d:\opengl _final\build\glfw\glfw.tlog\link.read.1.tlog
d:\opengl _final\build\glfw\glfw.tlog\link.write.1.tlog
